This file contains any messages produced by compilers while
running configure, to aid debugging if configure makes a mistake.

It was created by iptables configure 1.4.5, which was
generated by GNU Autoconf 2.68.  Invocation command line was

  $ ./configure --prefix=/home/project/svn/TL-MR3020_V1_GPL/build/../rootfs.build.2.6.31 --build=i386 --host=mips-linux --with-ksource=/home/project/svn/TL-MR3020_V1_GPL/build/../ap121/linux/kernels/mips-linux-2.6.31 --disable-devel --disable-libipq --disable-ipv6

## --------- ##
## Platform. ##
## --------- ##

hostname = zhouqiqiu
uname -m = i686
uname -r = 3.2.0-23-generic-pae
uname -s = Linux
uname -v = #36-Ubuntu SMP Tue Apr 10 22:19:09 UTC 2012

/usr/bin/uname -p = unknown
/bin/uname -X     = unknown

/bin/arch              = unknown
/usr/bin/arch -k       = unknown
/usr/convex/getsysinfo = unknown
/usr/bin/hostinfo      = unknown
/bin/machine           = unknown
/usr/bin/oslevel       = unknown
/bin/universe          = unknown

PATH: /home/project/svn/TL-MR3020_V1_GPL/build/../build/util
PATH: /home/project/svn/TL-MR3020_V1_GPL/build/../build/gcc-4.3.3/build_mips/staging_dir/usr//bin
PATH: /home/project/svn/TL-MR3020_V1_GPL/build/../linux
PATH: /home/project/svn/TL-MR3020_V1_GPL/build/../build
PATH: /home/project/svn/TL-MR3020_V1_GPL/build/../ap121/boot/u-boot/ecos/tools/bin
PATH: `pwd`
PATH: /usr/local/sbin
PATH: /usr/local/bin
PATH: /usr/sbin
PATH: /usr/bin
PATH: /sbin
PATH: /bin
PATH: /usr/games


## ----------- ##
## Core tests. ##
## ----------- ##

configure:2265: checking for a BSD-compatible install
configure:2333: result: /usr/bin/install -c
configure:2346: checking whether build environment is sane
configure:2396: result: yes
configure:2445: checking for mips-linux-strip
configure:2472: result: mips-linux-uclibc-sstrip
configure:2537: checking for a thread-safe mkdir -p
configure:2576: result: /bin/mkdir -p
configure:2589: checking for gawk
configure:2605: found /usr/bin/gawk
configure:2616: result: gawk
configure:2627: checking whether make sets $(MAKE)
configure:2649: result: yes
configure:2737: checking for mips-linux-gcc
configure:2753: found /home/project/svn/TL-MR3020_V1_GPL/build/../build/gcc-4.3.3/build_mips/staging_dir/usr//bin/mips-linux-gcc
configure:2764: result: mips-linux-gcc
configure:3033: checking for C compiler version
configure:3042: mips-linux-gcc --version >&5
mips-linux-gcc (GCC) 4.3.3
Copyright (C) 2008 Free Software Foundation, Inc.
This is free software; see the source for copying conditions.  There is NO
warranty; not even for MERCHANTABILITY or FITNESS FOR A PARTICULAR PURPOSE.

configure:3053: $? = 0
configure:3042: mips-linux-gcc -v >&5
Using built-in specs.
Target: mips-linux-uclibc
Configured with: /opt/home/zhongjin/workspace/toolchain/build/gcc-4.3.3/toolchain_build_mips/gcc-4.3.3/configure --prefix=/usr --build=i386-pc-linux-gnu --host=i386-pc-linux-gnu --target=mips-linux-uclibc --enable-languages=c,c++ --with-sysroot=/opt/home/zhongjin/workspace/toolchain/build/gcc-4.3.3/build_mips/staging_dir --with-build-time-tools=/opt/home/zhongjin/workspace/toolchain/build/gcc-4.3.3/build_mips/staging_dir/usr/mips-linux-uclibc/bin --disable-__cxa_atexit --enable-target-optspace --with-gnu-ld --disable-libssp --disable-tls --enable-shared --with-gmp=/opt/home/zhongjin/workspace/toolchain/build/gcc-4.3.3/toolchain_build_mips/gmp --with-mpfr=/opt/home/zhongjin/workspace/toolchain/build/gcc-4.3.3/toolchain_build_mips/mpfr --disable-nls --enable-threads --disable-multilib --disable-decimal-float --with-float=soft --with-abi=32 --with-tune=mips32r2
Thread model: posix
gcc version 4.3.3 (GCC) 
configure:3053: $? = 0
configure:3042: mips-linux-gcc -V >&5
mips-linux-gcc: '-V' option must have argument
configure:3053: $? = 1
configure:3042: mips-linux-gcc -qversion >&5
mips-linux-gcc: unrecognized option '-qversion'
mips-linux-gcc: no input files
configure:3053: $? = 1
configure:3073: checking whether the C compiler works
configure:3095: mips-linux-gcc    conftest.c  >&5
configure:3099: $? = 0
configure:3147: result: yes
configure:3150: checking for C compiler default output file name
configure:3152: result: a.out
configure:3158: checking for suffix of executables
configure:3165: mips-linux-gcc -o conftest    conftest.c  >&5
configure:3169: $? = 0
configure:3191: result: 
configure:3213: checking whether we are cross compiling
configure:3251: result: yes
configure:3256: checking for suffix of object files
configure:3278: mips-linux-gcc -c   conftest.c >&5
configure:3282: $? = 0
configure:3303: result: o
configure:3307: checking whether we are using the GNU C compiler
configure:3326: mips-linux-gcc -c   conftest.c >&5
configure:3326: $? = 0
configure:3335: result: yes
configure:3344: checking whether mips-linux-gcc accepts -g
configure:3364: mips-linux-gcc -c -g  conftest.c >&5
configure:3364: $? = 0
configure:3405: result: yes
configure:3422: checking for mips-linux-gcc option to accept ISO C89
configure:3486: mips-linux-gcc  -c -g -O2  conftest.c >&5
configure:3486: $? = 0
configure:3499: result: none needed
configure:3530: checking for style of include used by make
configure:3558: result: GNU
configure:3584: checking dependency style of mips-linux-gcc
configure:3695: result: gcc3
configure:3711: checking whether mips-linux-gcc and cc understand -c and -o together
configure:3742: mips-linux-gcc -c conftest.c -o conftest2.o >&5
configure:3746: $? = 0
configure:3752: mips-linux-gcc -c conftest.c -o conftest2.o >&5
configure:3756: $? = 0
configure:3767: cc -c conftest.c >&5
configure:3771: $? = 0
configure:3779: cc -c conftest.c -o conftest2.o >&5
configure:3783: $? = 0
configure:3789: cc -c conftest.c -o conftest2.o >&5
configure:3793: $? = 0
configure:3811: result: yes
configure:3896: checking build system type
configure:3910: result: i386-pc-none
configure:3930: checking host system type
configure:3943: result: mips-unknown-linux-gnu
configure:3984: checking how to print strings
configure:4011: result: printf
configure:4032: checking for a sed that does not truncate output
configure:4096: result: /bin/sed
configure:4114: checking for grep that handles long lines and -e
configure:4172: result: /bin/grep
configure:4177: checking for egrep
configure:4239: result: /bin/grep -E
configure:4244: checking for fgrep
configure:4306: result: /bin/grep -F
configure:4341: checking for ld used by mips-linux-gcc
configure:4408: result: /home/project/svn/TL-MR3020_V1_GPL/build/gcc-4.3.3/build_mips/staging_dir/usr/mips-linux-uclibc/bin/ld
configure:4415: checking if the linker (/home/project/svn/TL-MR3020_V1_GPL/build/gcc-4.3.3/build_mips/staging_dir/usr/mips-linux-uclibc/bin/ld) is GNU ld
configure:4430: result: yes
configure:4442: checking for BSD- or MS-compatible name lister (nm)
configure:4491: result: /home/project/svn/TL-MR3020_V1_GPL/build/../build/gcc-4.3.3/build_mips/staging_dir/usr//bin/mips-linux-nm -B
configure:4621: checking the name lister (/home/project/svn/TL-MR3020_V1_GPL/build/../build/gcc-4.3.3/build_mips/staging_dir/usr//bin/mips-linux-nm -B) interface
configure:4628: mips-linux-gcc -c -g -O2  conftest.c >&5
configure:4631: /home/project/svn/TL-MR3020_V1_GPL/build/../build/gcc-4.3.3/build_mips/staging_dir/usr//bin/mips-linux-nm -B "conftest.o"
configure:4634: output
00000000 B some_variable
configure:4641: result: BSD nm
configure:4644: checking whether ln -s works
configure:4648: result: yes
configure:4656: checking the maximum length of command line arguments
configure:4786: result: 805306365
configure:4803: checking whether the shell understands some XSI constructs
configure:4813: result: yes
configure:4817: checking whether the shell understands "+="
configure:4823: result: yes
configure:4858: checking how to convert i386-pc-none file names to mips-unknown-linux-gnu format
configure:4898: result: func_convert_file_noop
configure:4905: checking how to convert i386-pc-none file names to toolchain format
configure:4925: result: func_convert_file_noop
configure:4932: checking for /home/project/svn/TL-MR3020_V1_GPL/build/gcc-4.3.3/build_mips/staging_dir/usr/mips-linux-uclibc/bin/ld option to reload object files
configure:4939: result: -r
configure:4973: checking for mips-linux-objdump
configure:4989: found /home/project/svn/TL-MR3020_V1_GPL/build/../build/gcc-4.3.3/build_mips/staging_dir/usr//bin/mips-linux-objdump
configure:5000: result: mips-linux-objdump
configure:5072: checking how to recognize dependent libraries
configure:5274: result: pass_all
configure:5319: checking for mips-linux-dlltool
configure:5349: result: no
configure:5359: checking for dlltool
configure:5389: result: no
configure:5419: checking how to associate runtime and link libraries
configure:5446: result: printf %s\n
configure:5463: checking for mips-linux-ar
configure:5479: found /home/project/svn/TL-MR3020_V1_GPL/build/../build/gcc-4.3.3/build_mips/staging_dir/usr//bin/mips-linux-ar
configure:5490: result: mips-linux-ar
configure:5571: checking for archiver @FILE support
configure:5588: mips-linux-gcc -c -g -O2  conftest.c >&5
configure:5588: $? = 0
configure:5591: mips-linux-ar cru libconftest.a @conftest.lst >&5
configure:5594: $? = 0
configure:5599: mips-linux-ar cru libconftest.a @conftest.lst >&5
mips-linux-ar: conftest.o: No such file or directory
configure:5602: $? = 1
configure:5614: result: @
configure:5632: checking for mips-linux-strip
configure:5659: result: mips-linux-uclibc-sstrip
configure:5731: checking for mips-linux-ranlib
configure:5747: found /home/project/svn/TL-MR3020_V1_GPL/build/../build/gcc-4.3.3/build_mips/staging_dir/usr//bin/mips-linux-ranlib
configure:5758: result: mips-linux-ranlib
configure:5900: checking command to parse /home/project/svn/TL-MR3020_V1_GPL/build/../build/gcc-4.3.3/build_mips/staging_dir/usr//bin/mips-linux-nm -B output from mips-linux-gcc object
configure:6020: mips-linux-gcc -c -g -O2  conftest.c >&5
configure:6023: $? = 0
configure:6027: /home/project/svn/TL-MR3020_V1_GPL/build/../build/gcc-4.3.3/build_mips/staging_dir/usr//bin/mips-linux-nm -B conftest.o \| sed -n -e 's/^.*[ ]\([ABCDGIRSTW][ABCDGIRSTW]*\)[ ][ ]*\([_A-Za-z][_A-Za-z0-9]*\)$/\1 \2 \2/p' | sed '/ __gnu_lto/d' \> conftest.nm
configure:6030: $? = 0
configure:6096: mips-linux-gcc -o conftest -g -O2   conftest.c conftstm.o >&5
configure:6099: $? = 0
configure:6137: result: ok
configure:6174: checking for sysroot
configure:6204: result: no
configure:6420: checking for mips-linux-mt
configure:6450: result: no
configure:6460: checking for mt
configure:6476: found /bin/mt
configure:6487: result: mt
configure:6499: WARNING: using cross tools not prefixed with host triplet
configure:6510: checking if mt is a manifest tool
configure:6516: mt '-?'
configure:6524: result: no
configure:7166: checking how to run the C preprocessor
configure:7197: mips-linux-gcc -E  conftest.c
configure:7197: $? = 0
configure:7211: mips-linux-gcc -E  conftest.c
conftest.c:11:28: error: ac_nonexistent.h: No such file or directory
configure:7211: $? = 1
configure: failed program was:
| /* confdefs.h */
| #define PACKAGE_NAME "iptables"
| #define PACKAGE_TARNAME "iptables"
| #define PACKAGE_VERSION "1.4.5"
| #define PACKAGE_STRING "iptables 1.4.5"
| #define PACKAGE_BUGREPORT ""
| #define PACKAGE_URL ""
| #define PACKAGE "iptables"
| #define VERSION "1.4.5"
| /* end confdefs.h.  */
| #include <ac_nonexistent.h>
configure:7236: result: mips-linux-gcc -E
configure:7256: mips-linux-gcc -E  conftest.c
configure:7256: $? = 0
configure:7270: mips-linux-gcc -E  conftest.c
conftest.c:11:28: error: ac_nonexistent.h: No such file or directory
configure:7270: $? = 1
configure: failed program was:
| /* confdefs.h */
| #define PACKAGE_NAME "iptables"
| #define PACKAGE_TARNAME "iptables"
| #define PACKAGE_VERSION "1.4.5"
| #define PACKAGE_STRING "iptables 1.4.5"
| #define PACKAGE_BUGREPORT ""
| #define PACKAGE_URL ""
| #define PACKAGE "iptables"
| #define VERSION "1.4.5"
| /* end confdefs.h.  */
| #include <ac_nonexistent.h>
configure:7299: checking for ANSI C header files
configure:7319: mips-linux-gcc -c -g -O2  conftest.c >&5
configure:7319: $? = 0
configure:7403: result: yes
configure:7416: checking for sys/types.h
configure:7416: mips-linux-gcc -c -g -O2  conftest.c >&5
configure:7416: $? = 0
configure:7416: result: yes
configure:7416: checking for sys/stat.h
configure:7416: mips-linux-gcc -c -g -O2  conftest.c >&5
configure:7416: $? = 0
configure:7416: result: yes
configure:7416: checking for stdlib.h
configure:7416: mips-linux-gcc -c -g -O2  conftest.c >&5
configure:7416: $? = 0
configure:7416: result: yes
configure:7416: checking for string.h
configure:7416: mips-linux-gcc -c -g -O2  conftest.c >&5
configure:7416: $? = 0
configure:7416: result: yes
configure:7416: checking for memory.h
configure:7416: mips-linux-gcc -c -g -O2  conftest.c >&5
configure:7416: $? = 0
configure:7416: result: yes
configure:7416: checking for strings.h
configure:7416: mips-linux-gcc -c -g -O2  conftest.c >&5
configure:7416: $? = 0
configure:7416: result: yes
configure:7416: checking for inttypes.h
configure:7416: mips-linux-gcc -c -g -O2  conftest.c >&5
configure:7416: $? = 0
configure:7416: result: yes
configure:7416: checking for stdint.h
configure:7416: mips-linux-gcc -c -g -O2  conftest.c >&5
configure:7416: $? = 0
configure:7416: result: yes
configure:7416: checking for unistd.h
configure:7416: mips-linux-gcc -c -g -O2  conftest.c >&5
configure:7416: $? = 0
configure:7416: result: yes
configure:7430: checking for dlfcn.h
configure:7430: mips-linux-gcc -c -g -O2  conftest.c >&5
configure:7430: $? = 0
configure:7430: result: yes
configure:7606: checking for objdir
configure:7621: result: .libs
configure:7892: checking if mips-linux-gcc supports -fno-rtti -fno-exceptions
configure:7910: mips-linux-gcc -c -g -O2  -fno-rtti -fno-exceptions conftest.c >&5
cc1: warning: command line option "-fno-rtti" is valid for C++/ObjC++ but not for C
configure:7914: $? = 0
configure:7927: result: no
configure:8254: checking for mips-linux-gcc option to produce PIC
configure:8261: result: -fPIC -DPIC
configure:8269: checking if mips-linux-gcc PIC flag -fPIC -DPIC works
configure:8287: mips-linux-gcc -c -g -O2  -fPIC -DPIC -DPIC conftest.c >&5
configure:8291: $? = 0
configure:8304: result: yes
configure:8333: checking if mips-linux-gcc static flag -static works
configure:8361: result: yes
configure:8376: checking if mips-linux-gcc supports -c -o file.o
configure:8397: mips-linux-gcc -c -g -O2  -o out/conftest2.o conftest.c >&5
configure:8401: $? = 0
configure:8423: result: yes
configure:8431: checking if mips-linux-gcc supports -c -o file.o
configure:8478: result: yes
configure:8511: checking whether the mips-linux-gcc linker (/home/project/svn/TL-MR3020_V1_GPL/build/gcc-4.3.3/build_mips/staging_dir/usr/mips-linux-uclibc/bin/ld) supports shared libraries
configure:9668: result: yes
configure:9705: checking whether -lc should be explicitly linked in
configure:9713: mips-linux-gcc -c -g -O2  conftest.c >&5
configure:9716: $? = 0
configure:9731: mips-linux-gcc -shared  -fPIC -DPIC conftest.o  -v -Wl,-soname -Wl,conftest -o conftest 2\>\&1 \| /bin/grep  -lc  \>/dev/null 2\>\&1
configure:9734: $? = 0
configure:9748: result: no
configure:9908: checking dynamic linker characteristics
configure:10419: mips-linux-gcc -o conftest -g -O2   -Wl,-rpath -Wl,/foo conftest.c  >&5
configure:10419: $? = 0
configure:10653: result: GNU/Linux ld.so
configure:10760: checking how to hardcode library paths into programs
configure:10785: result: immediate
configure:11325: checking whether stripping libraries is possible
configure:11347: result: no
configure:11365: checking if libtool supports shared libraries
configure:11367: result: yes
configure:11370: checking whether to build shared libraries
configure:11391: result: yes
configure:11394: checking whether to build static libraries
configure:11398: result: no
configure:11497: checking linux/dccp.h usability
configure:11497: mips-linux-gcc -c -g -O2  conftest.c >&5
configure:11497: $? = 0
configure:11497: result: yes
configure:11497: checking linux/dccp.h presence
configure:11497: mips-linux-gcc -E  conftest.c
configure:11497: $? = 0
configure:11497: result: yes
configure:11497: checking for linux/dccp.h
configure:11497: result: yes
configure:11739: creating ./config.status

## ---------------------- ##
## Running config.status. ##
## ---------------------- ##

This file was extended by iptables config.status 1.4.5, which was
generated by GNU Autoconf 2.68.  Invocation command line was

  CONFIG_FILES    = 
  CONFIG_HEADERS  = 
  CONFIG_LINKS    = 
  CONFIG_COMMANDS = 
  $ ./config.status 

on zhouqiqiu

config.status:1118: creating Makefile
config.status:1118: creating extensions/GNUmakefile
config.status:1118: creating include/Makefile
config.status:1118: creating libipq/Makefile
config.status:1118: creating include/xtables.h
config.status:1118: creating include/iptables/internal.h
config.status:1118: creating libiptc.pc
config.status:1118: creating xtables.pc
config.status:1118: creating config.h
config.status:1347: executing depfiles commands
config.status:1347: executing libtool commands

## ---------------- ##
## Cache variables. ##
## ---------------- ##

ac_cv_build=i386-pc-none
ac_cv_c_compiler_gnu=yes
ac_cv_env_CC_set=
ac_cv_env_CC_value=
ac_cv_env_CFLAGS_set=
ac_cv_env_CFLAGS_value=
ac_cv_env_CPPFLAGS_set=
ac_cv_env_CPPFLAGS_value=
ac_cv_env_CPP_set=
ac_cv_env_CPP_value=
ac_cv_env_LDFLAGS_set=
ac_cv_env_LDFLAGS_value=
ac_cv_env_LIBS_set=
ac_cv_env_LIBS_value=
ac_cv_env_build_alias_set=set
ac_cv_env_build_alias_value=i386
ac_cv_env_host_alias_set=set
ac_cv_env_host_alias_value=mips-linux
ac_cv_env_target_alias_set=
ac_cv_env_target_alias_value=
ac_cv_header_dlfcn_h=yes
ac_cv_header_inttypes_h=yes
ac_cv_header_linux_dccp_h=yes
ac_cv_header_memory_h=yes
ac_cv_header_stdc=yes
ac_cv_header_stdint_h=yes
ac_cv_header_stdlib_h=yes
ac_cv_header_string_h=yes
ac_cv_header_strings_h=yes
ac_cv_header_sys_stat_h=yes
ac_cv_header_sys_types_h=yes
ac_cv_header_unistd_h=yes
ac_cv_host=mips-unknown-linux-gnu
ac_cv_objext=o
ac_cv_path_EGREP='/bin/grep -E'
ac_cv_path_FGREP='/bin/grep -F'
ac_cv_path_GREP=/bin/grep
ac_cv_path_SED=/bin/sed
ac_cv_path_install='/usr/bin/install -c'
ac_cv_path_mkdir=/bin/mkdir
ac_cv_prog_AR=mips-linux-ar
ac_cv_prog_AWK=gawk
ac_cv_prog_CC=mips-linux-gcc
ac_cv_prog_CPP='mips-linux-gcc -E'
ac_cv_prog_OBJDUMP=mips-linux-objdump
ac_cv_prog_RANLIB=mips-linux-ranlib
ac_cv_prog_STRIP=mips-linux-uclibc-sstrip
ac_cv_prog_ac_ct_MANIFEST_TOOL=mt
ac_cv_prog_cc_c89=
ac_cv_prog_cc_g=yes
ac_cv_prog_cc_mips_linux_gcc_c_o=yes
ac_cv_prog_make_make_set=yes
am_cv_CC_dependencies_compiler_type=gcc3
lt_cv_ar_at_file=@
lt_cv_archive_cmds_need_lc=no
lt_cv_deplibs_check_method=pass_all
lt_cv_file_magic_cmd='$MAGIC_CMD'
lt_cv_file_magic_test_file=
lt_cv_ld_reload_flag=-r
lt_cv_nm_interface='BSD nm'
lt_cv_objdir=.libs
lt_cv_path_LD=/home/project/svn/TL-MR3020_V1_GPL/build/gcc-4.3.3/build_mips/staging_dir/usr/mips-linux-uclibc/bin/ld
lt_cv_path_NM='/home/project/svn/TL-MR3020_V1_GPL/build/../build/gcc-4.3.3/build_mips/staging_dir/usr//bin/mips-linux-nm -B'
lt_cv_path_mainfest_tool=no
lt_cv_prog_compiler_c_o=yes
lt_cv_prog_compiler_pic='-fPIC -DPIC'
lt_cv_prog_compiler_pic_works=yes
lt_cv_prog_compiler_rtti_exceptions=no
lt_cv_prog_compiler_static_works=yes
lt_cv_prog_gnu_ld=yes
lt_cv_sharedlib_from_linklib_cmd='printf %s\n'
lt_cv_shlibpath_overrides_runpath=no
lt_cv_sys_global_symbol_pipe='sed -n -e '\''s/^.*[	 ]\([ABCDGIRSTW][ABCDGIRSTW]*\)[	 ][	 ]*\([_A-Za-z][_A-Za-z0-9]*\)$/\1 \2 \2/p'\'' | sed '\''/ __gnu_lto/d'\'''
lt_cv_sys_global_symbol_to_c_name_address='sed -n -e '\''s/^: \([^ ]*\)[ ]*$/  {\"\1\", (void *) 0},/p'\'' -e '\''s/^[ABCDGIRSTW]* \([^ ]*\) \([^ ]*\)$/  {"\2", (void *) \&\2},/p'\'''
lt_cv_sys_global_symbol_to_c_name_address_lib_prefix='sed -n -e '\''s/^: \([^ ]*\)[ ]*$/  {\"\1\", (void *) 0},/p'\'' -e '\''s/^[ABCDGIRSTW]* \([^ ]*\) \(lib[^ ]*\)$/  {"\2", (void *) \&\2},/p'\'' -e '\''s/^[ABCDGIRSTW]* \([^ ]*\) \([^ ]*\)$/  {"lib\2", (void *) \&\2},/p'\'''
lt_cv_sys_global_symbol_to_cdecl='sed -n -e '\''s/^T .* \(.*\)$/extern int \1();/p'\'' -e '\''s/^[ABCDGIRSTW]* .* \(.*\)$/extern char \1;/p'\'''
lt_cv_sys_max_cmd_len=805306365
lt_cv_to_host_file_cmd=func_convert_file_noop
lt_cv_to_tool_file_cmd=func_convert_file_noop

## ----------------- ##
## Output variables. ##
## ----------------- ##

ACLOCAL='${SHELL} /home/project/svn/TL-MR3020_V1_GPL/apps/iptables-1.4.5/missing --run aclocal-1.11'
AMDEPBACKSLASH='\'
AMDEP_FALSE='#'
AMDEP_TRUE=''
AMTAR='$${TAR-tar}'
AR='mips-linux-ar'
AUTOCONF='${SHELL} /home/project/svn/TL-MR3020_V1_GPL/apps/iptables-1.4.5/missing --run autoconf'
AUTOHEADER='${SHELL} /home/project/svn/TL-MR3020_V1_GPL/apps/iptables-1.4.5/missing --run autoheader'
AUTOMAKE='${SHELL} /home/project/svn/TL-MR3020_V1_GPL/apps/iptables-1.4.5/missing --run automake-1.11'
AWK='gawk'
CC='mips-linux-gcc'
CCDEPMODE='depmode=gcc3'
CFLAGS='-g -O2'
CPP='mips-linux-gcc -E'
CPPFLAGS=''
CYGPATH_W='echo'
DEFS='-DHAVE_CONFIG_H'
DEPDIR='.deps'
DLLTOOL='false'
DSYMUTIL=''
DUMPBIN=''
ECHO_C=''
ECHO_N='-n'
ECHO_T=''
EGREP='/bin/grep -E'
ENABLE_DEVEL_FALSE=''
ENABLE_DEVEL_TRUE='#'
ENABLE_IPV4_FALSE='#'
ENABLE_IPV4_TRUE=''
ENABLE_IPV6_FALSE=''
ENABLE_IPV6_TRUE='#'
ENABLE_LIBIPQ_FALSE=''
ENABLE_LIBIPQ_TRUE='#'
ENABLE_SHARED_FALSE='#'
ENABLE_SHARED_TRUE=''
ENABLE_STATIC_FALSE=''
ENABLE_STATIC_TRUE='#'
EXEEXT=''
FGREP='/bin/grep -F'
GREP='/bin/grep'
INSTALL_DATA='${INSTALL} -m 644'
INSTALL_PROGRAM='${INSTALL}'
INSTALL_SCRIPT='${INSTALL}'
INSTALL_STRIP_PROGRAM='$(install_sh) -c -s'
LD='/home/project/svn/TL-MR3020_V1_GPL/build/gcc-4.3.3/build_mips/staging_dir/usr/mips-linux-uclibc/bin/ld'
LDFLAGS=''
LIBOBJS=''
LIBS=''
LIBTOOL='$(SHELL) $(top_builddir)/libtool'
LIPO=''
LN_S='ln -s'
LTLIBOBJS=''
MAKEINFO='${SHELL} /home/project/svn/TL-MR3020_V1_GPL/apps/iptables-1.4.5/missing --run makeinfo'
MANIFEST_TOOL=':'
MKDIR_P='/bin/mkdir -p'
NM='/home/project/svn/TL-MR3020_V1_GPL/build/../build/gcc-4.3.3/build_mips/staging_dir/usr//bin/mips-linux-nm -B'
NMEDIT=''
OBJDUMP='mips-linux-objdump'
OBJEXT='o'
OTOOL64=''
OTOOL=''
PACKAGE='iptables'
PACKAGE_BUGREPORT=''
PACKAGE_NAME='iptables'
PACKAGE_STRING='iptables 1.4.5'
PACKAGE_TARNAME='iptables'
PACKAGE_URL=''
PACKAGE_VERSION='1.4.5'
PATH_SEPARATOR=':'
RANLIB='mips-linux-ranlib'
SED='/bin/sed'
SET_MAKE=''
SHELL='/bin/sh'
STRIP='mips-linux-uclibc-sstrip'
VERSION='1.4.5'
ac_ct_AR=''
ac_ct_CC=''
ac_ct_DUMPBIN=''
am__EXEEXT_FALSE=''
am__EXEEXT_TRUE='#'
am__fastdepCC_FALSE='#'
am__fastdepCC_TRUE=''
am__include='include'
am__isrc=''
am__leading_dot='.'
am__nodep='_no'
am__quote=''
am__tar='$${TAR-tar} chof - "$$tardir"'
am__untar='$${TAR-tar} xf -'
bindir='${exec_prefix}/bin'
blacklist_modules=''
build='i386-pc-none'
build_alias='i386'
build_cpu='i386'
build_os='none'
build_vendor='pc'
datadir='${datarootdir}'
datarootdir='${prefix}/share'
docdir='${datarootdir}/doc/${PACKAGE_TARNAME}'
dvidir='${docdir}'
exec_prefix='${prefix}'
host='mips-unknown-linux-gnu'
host_alias='mips-linux'
host_cpu='mips'
host_os='linux-gnu'
host_vendor='unknown'
htmldir='${docdir}'
includedir='${prefix}/include'
infodir='${datarootdir}/info'
install_sh='${SHELL} /home/project/svn/TL-MR3020_V1_GPL/apps/iptables-1.4.5/install-sh'
kbuilddir=''
kinclude_CFLAGS=' -I /home/project/svn/TL-MR3020_V1_GPL/build/../ap121/linux/kernels/mips-linux-2.6.31/include'
ksourcedir='/home/project/svn/TL-MR3020_V1_GPL/build/../ap121/linux/kernels/mips-linux-2.6.31'
libdir='${exec_prefix}/lib'
libexecdir='${exec_prefix}/libexec'
libxtables_vage='1'
libxtables_vcurrent='3'
libxtables_vmajor='2'
localedir='${datarootdir}/locale'
localstatedir='${prefix}/var'
mandir='${datarootdir}/man'
mkdir_p='/bin/mkdir -p'
oldincludedir='/usr/include'
pdfdir='${docdir}'
pkgconfigdir='${libdir}/pkgconfig'
prefix='/home/project/svn/TL-MR3020_V1_GPL/build/../rootfs.build.2.6.31'
program_transform_name='s,x,x,'
psdir='${docdir}'
regular_CFLAGS='-D_LARGEFILE_SOURCE=1 -D_LARGE_FILES -D_FILE_OFFSET_BITS=64 	-D_REENTRANT -Wall -Waggregate-return -Wmissing-declarations 	-Wmissing-prototypes -Wredundant-decls -Wshadow -Wstrict-prototypes 	-Winline -pipe 	-DXTABLES_LIBDIR=\"${xtlibdir}\" -DXTABLES_INTERNAL'
sbindir='${exec_prefix}/sbin'
sharedstatedir='${prefix}/com'
sysconfdir='${prefix}/etc'
target_alias=''
xtlibdir='${exec_prefix}/libexec/xtables'

## ----------- ##
## confdefs.h. ##
## ----------- ##

/* confdefs.h */
#define PACKAGE_NAME "iptables"
#define PACKAGE_TARNAME "iptables"
#define PACKAGE_VERSION "1.4.5"
#define PACKAGE_STRING "iptables 1.4.5"
#define PACKAGE_BUGREPORT ""
#define PACKAGE_URL ""
#define PACKAGE "iptables"
#define VERSION "1.4.5"
#define STDC_HEADERS 1
#define HAVE_SYS_TYPES_H 1
#define HAVE_SYS_STAT_H 1
#define HAVE_STDLIB_H 1
#define HAVE_STRING_H 1
#define HAVE_MEMORY_H 1
#define HAVE_STRINGS_H 1
#define HAVE_INTTYPES_H 1
#define HAVE_STDINT_H 1
#define HAVE_UNISTD_H 1
#define HAVE_DLFCN_H 1
#define LT_OBJDIR ".libs/"

configure: exit 0

## ---------------------- ##
## Running config.status. ##
## ---------------------- ##

This file was extended by iptables config.status 1.4.5, which was
generated by GNU Autoconf 2.68.  Invocation command line was

  CONFIG_FILES    = 
  CONFIG_HEADERS  = 
  CONFIG_LINKS    = 
  CONFIG_COMMANDS = 
  $ ./config.status config.h

on zhouqiqiu

config.status:1118: creating config.h
config.status:1299: config.h is unchanged
