This file contains any messages produced by compilers while
running configure, to aid debugging if configure makes a mistake.

It was created by libusb configure 1.0.8, which was
generated by GNU Autoconf 2.68.  Invocation command line was

  $ ./configure --build=i686-linux --host=mips-linux CC=mips-linux-uclibc-gcc CXX=mips-linux-uclibc-g++ AR=mips-linux-uclibc-ar

## --------- ##
## Platform. ##
## --------- ##

hostname = zhouqiqiu
uname -m = i686
uname -r = 3.2.0-23-generic-pae
uname -s = Linux
uname -v = #36-Ubuntu SMP Tue Apr 10 22:19:09 UTC 2012

/usr/bin/uname -p = unknown
/bin/uname -X     = unknown

/bin/arch              = unknown
/usr/bin/arch -k       = unknown
/usr/convex/getsysinfo = unknown
/usr/bin/hostinfo      = unknown
/bin/machine           = unknown
/usr/bin/oslevel       = unknown
/bin/universe          = unknown

PATH: /home/project/svn/TL-MR3020_V1_GPL/build/../build/util
PATH: /home/project/svn/TL-MR3020_V1_GPL/build/../build/gcc-4.3.3/build_mips/staging_dir/usr//bin
PATH: /home/project/svn/TL-MR3020_V1_GPL/build/../linux
PATH: /home/project/svn/TL-MR3020_V1_GPL/build/../build
PATH: /home/project/svn/TL-MR3020_V1_GPL/build/../ap121/boot/u-boot/ecos/tools/bin
PATH: `pwd`
PATH: /usr/local/sbin
PATH: /usr/local/bin
PATH: /usr/sbin
PATH: /usr/bin
PATH: /sbin
PATH: /bin
PATH: /usr/games


## ----------- ##
## Core tests. ##
## ----------- ##

configure:2291: checking for a BSD-compatible install
configure:2359: result: /usr/bin/install -c
configure:2370: checking whether build environment is sane
configure:2420: result: yes
configure:2469: checking for mips-linux-strip
configure:2496: result: mips-linux-uclibc-sstrip
configure:2561: checking for a thread-safe mkdir -p
configure:2600: result: /bin/mkdir -p
configure:2613: checking for gawk
configure:2629: found /usr/bin/gawk
configure:2640: result: gawk
configure:2651: checking whether make sets $(MAKE)
configure:2673: result: yes
configure:2768: checking whether make supports nested variables
configure:2785: result: yes
configure:2806: checking for mips-linux-gcc
configure:2833: result: mips-linux-uclibc-gcc
configure:3102: checking for C compiler version
configure:3111: mips-linux-uclibc-gcc --version >&5
mips-linux-uclibc-gcc (GCC) 4.3.3
Copyright (C) 2008 Free Software Foundation, Inc.
This is free software; see the source for copying conditions.  There is NO
warranty; not even for MERCHANTABILITY or FITNESS FOR A PARTICULAR PURPOSE.

configure:3122: $? = 0
configure:3111: mips-linux-uclibc-gcc -v >&5
Using built-in specs.
Target: mips-linux-uclibc
Configured with: /opt/home/zhongjin/workspace/toolchain/build/gcc-4.3.3/toolchain_build_mips/gcc-4.3.3/configure --prefix=/usr --build=i386-pc-linux-gnu --host=i386-pc-linux-gnu --target=mips-linux-uclibc --enable-languages=c,c++ --with-sysroot=/opt/home/zhongjin/workspace/toolchain/build/gcc-4.3.3/build_mips/staging_dir --with-build-time-tools=/opt/home/zhongjin/workspace/toolchain/build/gcc-4.3.3/build_mips/staging_dir/usr/mips-linux-uclibc/bin --disable-__cxa_atexit --enable-target-optspace --with-gnu-ld --disable-libssp --disable-tls --enable-shared --with-gmp=/opt/home/zhongjin/workspace/toolchain/build/gcc-4.3.3/toolchain_build_mips/gmp --with-mpfr=/opt/home/zhongjin/workspace/toolchain/build/gcc-4.3.3/toolchain_build_mips/mpfr --disable-nls --enable-threads --disable-multilib --disable-decimal-float --with-float=soft --with-abi=32 --with-tune=mips32r2
Thread model: posix
gcc version 4.3.3 (GCC) 
configure:3122: $? = 0
configure:3111: mips-linux-uclibc-gcc -V >&5
mips-linux-uclibc-gcc: '-V' option must have argument
configure:3122: $? = 1
configure:3111: mips-linux-uclibc-gcc -qversion >&5
mips-linux-uclibc-gcc: unrecognized option '-qversion'
mips-linux-uclibc-gcc: no input files
configure:3122: $? = 1
configure:3142: checking whether the C compiler works
configure:3164: mips-linux-uclibc-gcc    conftest.c  >&5
configure:3168: $? = 0
configure:3216: result: yes
configure:3219: checking for C compiler default output file name
configure:3221: result: a.out
configure:3227: checking for suffix of executables
configure:3234: mips-linux-uclibc-gcc -o conftest    conftest.c  >&5
configure:3238: $? = 0
configure:3260: result: 
configure:3282: checking whether we are cross compiling
configure:3320: result: yes
configure:3325: checking for suffix of object files
configure:3347: mips-linux-uclibc-gcc -c   conftest.c >&5
configure:3351: $? = 0
configure:3372: result: o
configure:3376: checking whether we are using the GNU C compiler
configure:3395: mips-linux-uclibc-gcc -c   conftest.c >&5
configure:3395: $? = 0
configure:3404: result: yes
configure:3413: checking whether mips-linux-uclibc-gcc accepts -g
configure:3433: mips-linux-uclibc-gcc -c -g  conftest.c >&5
configure:3433: $? = 0
configure:3474: result: yes
configure:3491: checking for mips-linux-uclibc-gcc option to accept ISO C89
configure:3555: mips-linux-uclibc-gcc  -c -g -O2  conftest.c >&5
configure:3555: $? = 0
configure:3568: result: none needed
configure:3599: checking for style of include used by make
configure:3627: result: GNU
configure:3653: checking dependency style of mips-linux-uclibc-gcc
configure:3764: result: gcc3
configure:3808: checking build system type
configure:3822: result: i686-pc-linux-gnu
configure:3842: checking host system type
configure:3855: result: mips-unknown-linux-gnu
configure:3896: checking how to print strings
configure:3923: result: printf
configure:3944: checking for a sed that does not truncate output
configure:4008: result: /bin/sed
configure:4026: checking for grep that handles long lines and -e
configure:4084: result: /bin/grep
configure:4089: checking for egrep
configure:4151: result: /bin/grep -E
configure:4156: checking for fgrep
configure:4218: result: /bin/grep -F
configure:4253: checking for ld used by mips-linux-uclibc-gcc
configure:4320: result: mips-linux-uclibc-ld
configure:4327: checking if the linker (mips-linux-uclibc-ld) is GNU ld
configure:4342: result: yes
configure:4354: checking for BSD- or MS-compatible name lister (nm)
configure:4403: result: /home/project/svn/TL-MR3020_V1_GPL/build/../build/gcc-4.3.3/build_mips/staging_dir/usr//bin/mips-linux-nm -B
configure:4533: checking the name lister (/home/project/svn/TL-MR3020_V1_GPL/build/../build/gcc-4.3.3/build_mips/staging_dir/usr//bin/mips-linux-nm -B) interface
configure:4540: mips-linux-uclibc-gcc -c -g -O2  conftest.c >&5
configure:4543: /home/project/svn/TL-MR3020_V1_GPL/build/../build/gcc-4.3.3/build_mips/staging_dir/usr//bin/mips-linux-nm -B "conftest.o"
configure:4546: output
00000000 B some_variable
configure:4553: result: BSD nm
configure:4556: checking whether ln -s works
configure:4560: result: yes
configure:4568: checking the maximum length of command line arguments
configure:4698: result: 805306365
configure:4715: checking whether the shell understands some XSI constructs
configure:4725: result: yes
configure:4729: checking whether the shell understands "+="
configure:4735: result: yes
configure:4770: checking how to convert i686-pc-linux-gnu file names to mips-unknown-linux-gnu format
configure:4810: result: func_convert_file_noop
configure:4817: checking how to convert i686-pc-linux-gnu file names to toolchain format
configure:4837: result: func_convert_file_noop
configure:4844: checking for mips-linux-uclibc-ld option to reload object files
configure:4851: result: -r
configure:4885: checking for mips-linux-objdump
configure:4901: found /home/project/svn/TL-MR3020_V1_GPL/build/../build/gcc-4.3.3/build_mips/staging_dir/usr//bin/mips-linux-objdump
configure:4912: result: mips-linux-objdump
configure:4984: checking how to recognize dependent libraries
configure:5186: result: pass_all
configure:5231: checking for mips-linux-dlltool
configure:5261: result: no
configure:5271: checking for dlltool
configure:5301: result: no
configure:5331: checking how to associate runtime and link libraries
configure:5358: result: printf %s\n
configure:5375: checking for mips-linux-ar
configure:5402: result: mips-linux-uclibc-ar
configure:5483: checking for archiver @FILE support
configure:5500: mips-linux-uclibc-gcc -c -g -O2  conftest.c >&5
configure:5500: $? = 0
configure:5503: mips-linux-uclibc-ar cru libconftest.a @conftest.lst >&5
configure:5506: $? = 0
configure:5511: mips-linux-uclibc-ar cru libconftest.a @conftest.lst >&5
mips-linux-uclibc-ar: conftest.o: No such file or directory
configure:5514: $? = 1
configure:5526: result: @
configure:5544: checking for mips-linux-strip
configure:5571: result: mips-linux-uclibc-sstrip
configure:5643: checking for mips-linux-ranlib
configure:5659: found /home/project/svn/TL-MR3020_V1_GPL/build/../build/gcc-4.3.3/build_mips/staging_dir/usr//bin/mips-linux-ranlib
configure:5670: result: mips-linux-ranlib
configure:5812: checking command to parse /home/project/svn/TL-MR3020_V1_GPL/build/../build/gcc-4.3.3/build_mips/staging_dir/usr//bin/mips-linux-nm -B output from mips-linux-uclibc-gcc object
configure:5932: mips-linux-uclibc-gcc -c -g -O2  conftest.c >&5
configure:5935: $? = 0
configure:5939: /home/project/svn/TL-MR3020_V1_GPL/build/../build/gcc-4.3.3/build_mips/staging_dir/usr//bin/mips-linux-nm -B conftest.o \| sed -n -e 's/^.*[ ]\([ABCDGIRSTW][ABCDGIRSTW]*\)[ ][ ]*\([_A-Za-z][_A-Za-z0-9]*\)$/\1 \2 \2/p' | sed '/ __gnu_lto/d' \> conftest.nm
configure:5942: $? = 0
configure:6008: mips-linux-uclibc-gcc -o conftest -g -O2   conftest.c conftstm.o >&5
configure:6011: $? = 0
configure:6049: result: ok
configure:6086: checking for sysroot
configure:6116: result: no
configure:6332: checking for mips-linux-mt
configure:6362: result: no
configure:6372: checking for mt
configure:6388: found /bin/mt
configure:6399: result: mt
configure:6411: WARNING: using cross tools not prefixed with host triplet
configure:6422: checking if mt is a manifest tool
configure:6428: mt '-?'
configure:6436: result: no
configure:7078: checking how to run the C preprocessor
configure:7109: mips-linux-uclibc-gcc -E  conftest.c
configure:7109: $? = 0
configure:7123: mips-linux-uclibc-gcc -E  conftest.c
conftest.c:11:28: error: ac_nonexistent.h: No such file or directory
configure:7123: $? = 1
configure: failed program was:
| /* confdefs.h */
| #define PACKAGE_NAME "libusb"
| #define PACKAGE_TARNAME "libusb"
| #define PACKAGE_VERSION "1.0.8"
| #define PACKAGE_STRING "libusb 1.0.8"
| #define PACKAGE_BUGREPORT ""
| #define PACKAGE_URL ""
| #define PACKAGE "libusb"
| #define VERSION "1.0.8"
| /* end confdefs.h.  */
| #include <ac_nonexistent.h>
configure:7148: result: mips-linux-uclibc-gcc -E
configure:7168: mips-linux-uclibc-gcc -E  conftest.c
configure:7168: $? = 0
configure:7182: mips-linux-uclibc-gcc -E  conftest.c
conftest.c:11:28: error: ac_nonexistent.h: No such file or directory
configure:7182: $? = 1
configure: failed program was:
| /* confdefs.h */
| #define PACKAGE_NAME "libusb"
| #define PACKAGE_TARNAME "libusb"
| #define PACKAGE_VERSION "1.0.8"
| #define PACKAGE_STRING "libusb 1.0.8"
| #define PACKAGE_BUGREPORT ""
| #define PACKAGE_URL ""
| #define PACKAGE "libusb"
| #define VERSION "1.0.8"
| /* end confdefs.h.  */
| #include <ac_nonexistent.h>
configure:7211: checking for ANSI C header files
configure:7231: mips-linux-uclibc-gcc -c -g -O2  conftest.c >&5
configure:7231: $? = 0
configure:7315: result: yes
configure:7328: checking for sys/types.h
configure:7328: mips-linux-uclibc-gcc -c -g -O2  conftest.c >&5
configure:7328: $? = 0
configure:7328: result: yes
configure:7328: checking for sys/stat.h
configure:7328: mips-linux-uclibc-gcc -c -g -O2  conftest.c >&5
configure:7328: $? = 0
configure:7328: result: yes
configure:7328: checking for stdlib.h
configure:7328: mips-linux-uclibc-gcc -c -g -O2  conftest.c >&5
configure:7328: $? = 0
configure:7328: result: yes
configure:7328: checking for string.h
configure:7328: mips-linux-uclibc-gcc -c -g -O2  conftest.c >&5
configure:7328: $? = 0
configure:7328: result: yes
configure:7328: checking for memory.h
configure:7328: mips-linux-uclibc-gcc -c -g -O2  conftest.c >&5
configure:7328: $? = 0
configure:7328: result: yes
configure:7328: checking for strings.h
configure:7328: mips-linux-uclibc-gcc -c -g -O2  conftest.c >&5
configure:7328: $? = 0
configure:7328: result: yes
configure:7328: checking for inttypes.h
configure:7328: mips-linux-uclibc-gcc -c -g -O2  conftest.c >&5
configure:7328: $? = 0
configure:7328: result: yes
configure:7328: checking for stdint.h
configure:7328: mips-linux-uclibc-gcc -c -g -O2  conftest.c >&5
configure:7328: $? = 0
configure:7328: result: yes
configure:7328: checking for unistd.h
configure:7328: mips-linux-uclibc-gcc -c -g -O2  conftest.c >&5
configure:7328: $? = 0
configure:7328: result: yes
configure:7342: checking for dlfcn.h
configure:7342: mips-linux-uclibc-gcc -c -g -O2  conftest.c >&5
configure:7342: $? = 0
configure:7342: result: yes
configure:7548: checking for objdir
configure:7563: result: .libs
configure:7834: checking if mips-linux-uclibc-gcc supports -fno-rtti -fno-exceptions
configure:7852: mips-linux-uclibc-gcc -c -g -O2  -fno-rtti -fno-exceptions conftest.c >&5
cc1: warning: command line option "-fno-rtti" is valid for C++/ObjC++ but not for C
configure:7856: $? = 0
configure:7869: result: no
configure:8196: checking for mips-linux-uclibc-gcc option to produce PIC
configure:8203: result: -fPIC -DPIC
configure:8211: checking if mips-linux-uclibc-gcc PIC flag -fPIC -DPIC works
configure:8229: mips-linux-uclibc-gcc -c -g -O2  -fPIC -DPIC -DPIC conftest.c >&5
configure:8233: $? = 0
configure:8246: result: yes
configure:8275: checking if mips-linux-uclibc-gcc static flag -static works
configure:8303: result: yes
configure:8318: checking if mips-linux-uclibc-gcc supports -c -o file.o
configure:8339: mips-linux-uclibc-gcc -c -g -O2  -o out/conftest2.o conftest.c >&5
configure:8343: $? = 0
configure:8365: result: yes
configure:8373: checking if mips-linux-uclibc-gcc supports -c -o file.o
configure:8420: result: yes
configure:8453: checking whether the mips-linux-uclibc-gcc linker (mips-linux-uclibc-ld) supports shared libraries
configure:9610: result: yes
configure:9647: checking whether -lc should be explicitly linked in
configure:9655: mips-linux-uclibc-gcc -c -g -O2  conftest.c >&5
configure:9658: $? = 0
configure:9673: mips-linux-uclibc-gcc -shared  -fPIC -DPIC conftest.o  -v -Wl,-soname -Wl,conftest -o conftest 2\>\&1 \| /bin/grep  -lc  \>/dev/null 2\>\&1
configure:9676: $? = 0
configure:9690: result: no
configure:9850: checking dynamic linker characteristics
configure:10361: mips-linux-uclibc-gcc -o conftest -g -O2   -Wl,-rpath -Wl,/foo conftest.c  >&5
configure:10361: $? = 0
configure:10595: result: GNU/Linux ld.so
configure:10702: checking how to hardcode library paths into programs
configure:10727: result: immediate
configure:11267: checking whether stripping libraries is possible
configure:11289: result: no
configure:11307: checking if libtool supports shared libraries
configure:11309: result: yes
configure:11312: checking whether to build shared libraries
configure:11333: result: yes
configure:11336: checking whether to build static libraries
configure:11340: result: yes
configure:11377: checking for inline
configure:11393: mips-linux-uclibc-gcc -c -g -O2  conftest.c >&5
configure:11393: $? = 0
configure:11401: result: inline
configure:11420: checking whether mips-linux-uclibc-gcc and cc understand -c and -o together
configure:11451: mips-linux-uclibc-gcc -c conftest.c -o conftest2.o >&5
configure:11455: $? = 0
configure:11461: mips-linux-uclibc-gcc -c conftest.c -o conftest2.o >&5
configure:11465: $? = 0
configure:11476: cc -c conftest.c >&5
configure:11480: $? = 0
configure:11488: cc -c conftest.c -o conftest2.o >&5
configure:11492: $? = 0
configure:11498: cc -c conftest.c -o conftest2.o >&5
configure:11502: $? = 0
configure:11520: result: yes
configure:11549: checking operating system
configure:11557: result: Linux
configure:11560: checking for clock_gettime in -lrt
configure:11585: mips-linux-uclibc-gcc -o conftest -g -O2   conftest.c -lrt   >&5
configure:11585: $? = 0
configure:11594: result: yes
configure:11650: checking sys/timerfd.h usability
configure:11650: mips-linux-uclibc-gcc -c -g -O2  conftest.c >&5
conftest.c:59:25: error: sys/timerfd.h: No such file or directory
configure:11650: $? = 1
configure: failed program was:
| /* confdefs.h */
| #define PACKAGE_NAME "libusb"
| #define PACKAGE_TARNAME "libusb"
| #define PACKAGE_VERSION "1.0.8"
| #define PACKAGE_STRING "libusb 1.0.8"
| #define PACKAGE_BUGREPORT ""
| #define PACKAGE_URL ""
| #define PACKAGE "libusb"
| #define VERSION "1.0.8"
| #define STDC_HEADERS 1
| #define HAVE_SYS_TYPES_H 1
| #define HAVE_SYS_STAT_H 1
| #define HAVE_STDLIB_H 1
| #define HAVE_STRING_H 1
| #define HAVE_MEMORY_H 1
| #define HAVE_STRINGS_H 1
| #define HAVE_INTTYPES_H 1
| #define HAVE_STDINT_H 1
| #define HAVE_UNISTD_H 1
| #define HAVE_DLFCN_H 1
| #define LT_OBJDIR ".libs/"
| #define _GNU_SOURCE /**/
| #define OS_LINUX /**/
| #define HAVE_LIBRT 1
| /* end confdefs.h.  */
| #include <stdio.h>
| #ifdef HAVE_SYS_TYPES_H
| # include <sys/types.h>
| #endif
| #ifdef HAVE_SYS_STAT_H
| # include <sys/stat.h>
| #endif
| #ifdef STDC_HEADERS
| # include <stdlib.h>
| # include <stddef.h>
| #else
| # ifdef HAVE_STDLIB_H
| #  include <stdlib.h>
| # endif
| #endif
| #ifdef HAVE_STRING_H
| # if !defined STDC_HEADERS && defined HAVE_MEMORY_H
| #  include <memory.h>
| # endif
| # include <string.h>
| #endif
| #ifdef HAVE_STRINGS_H
| # include <strings.h>
| #endif
| #ifdef HAVE_INTTYPES_H
| # include <inttypes.h>
| #endif
| #ifdef HAVE_STDINT_H
| # include <stdint.h>
| #endif
| #ifdef HAVE_UNISTD_H
| # include <unistd.h>
| #endif
| #include <sys/timerfd.h>
configure:11650: result: no
configure:11650: checking sys/timerfd.h presence
configure:11650: mips-linux-uclibc-gcc -E  conftest.c
conftest.c:26:25: error: sys/timerfd.h: No such file or directory
configure:11650: $? = 1
configure: failed program was:
| /* confdefs.h */
| #define PACKAGE_NAME "libusb"
| #define PACKAGE_TARNAME "libusb"
| #define PACKAGE_VERSION "1.0.8"
| #define PACKAGE_STRING "libusb 1.0.8"
| #define PACKAGE_BUGREPORT ""
| #define PACKAGE_URL ""
| #define PACKAGE "libusb"
| #define VERSION "1.0.8"
| #define STDC_HEADERS 1
| #define HAVE_SYS_TYPES_H 1
| #define HAVE_SYS_STAT_H 1
| #define HAVE_STDLIB_H 1
| #define HAVE_STRING_H 1
| #define HAVE_MEMORY_H 1
| #define HAVE_STRINGS_H 1
| #define HAVE_INTTYPES_H 1
| #define HAVE_STDINT_H 1
| #define HAVE_UNISTD_H 1
| #define HAVE_DLFCN_H 1
| #define LT_OBJDIR ".libs/"
| #define _GNU_SOURCE /**/
| #define OS_LINUX /**/
| #define HAVE_LIBRT 1
| /* end confdefs.h.  */
| #include <sys/timerfd.h>
configure:11650: result: no
configure:11650: checking for sys/timerfd.h
configure:11650: result: no
configure:11670: checking whether TFD_NONBLOCK is declared
configure:11670: mips-linux-uclibc-gcc -c -g -O2  conftest.c >&5
conftest.c:26:25: error: sys/timerfd.h: No such file or directory
conftest.c: In function 'main':
conftest.c:35: error: 'TFD_NONBLOCK' undeclared (first use in this function)
conftest.c:35: error: (Each undeclared identifier is reported only once
conftest.c:35: error: for each function it appears in.)
configure:11670: $? = 1
configure: failed program was:
| /* confdefs.h */
| #define PACKAGE_NAME "libusb"
| #define PACKAGE_TARNAME "libusb"
| #define PACKAGE_VERSION "1.0.8"
| #define PACKAGE_STRING "libusb 1.0.8"
| #define PACKAGE_BUGREPORT ""
| #define PACKAGE_URL ""
| #define PACKAGE "libusb"
| #define VERSION "1.0.8"
| #define STDC_HEADERS 1
| #define HAVE_SYS_TYPES_H 1
| #define HAVE_SYS_STAT_H 1
| #define HAVE_STDLIB_H 1
| #define HAVE_STRING_H 1
| #define HAVE_MEMORY_H 1
| #define HAVE_STRINGS_H 1
| #define HAVE_INTTYPES_H 1
| #define HAVE_STDINT_H 1
| #define HAVE_UNISTD_H 1
| #define HAVE_DLFCN_H 1
| #define LT_OBJDIR ".libs/"
| #define _GNU_SOURCE /**/
| #define OS_LINUX /**/
| #define HAVE_LIBRT 1
| /* end confdefs.h.  */
| #include <sys/timerfd.h>
| 
| int
| main ()
| {
| #ifndef TFD_NONBLOCK
| #ifdef __cplusplus
|   (void) TFD_NONBLOCK;
| #else
|   (void) TFD_NONBLOCK;
| #endif
| #endif
| 
|   ;
|   return 0;
| }
configure:11670: result: no
configure:11682: checking whether to use timerfd for timing
configure:11695: result: no (header not available)
configure:11758: mips-linux-uclibc-gcc -c -g -O2 -fgnu89-inline  conftest.c >&5
configure:11758: $? = 0
configure:11780: mips-linux-uclibc-gcc -c -g -O2 -fvisibility=hidden  conftest.c >&5
configure:11780: $? = 0
configure:11808: mips-linux-uclibc-gcc -c -g -O2 -Wno-pointer-sign  conftest.c >&5
configure:11808: $? = 0
configure:11966: creating ./config.status

## ---------------------- ##
## Running config.status. ##
## ---------------------- ##

This file was extended by libusb config.status 1.0.8, which was
generated by GNU Autoconf 2.68.  Invocation command line was

  CONFIG_FILES    = 
  CONFIG_HEADERS  = 
  CONFIG_LINKS    = 
  CONFIG_COMMANDS = 
  $ ./config.status 

on zhouqiqiu

config.status:1116: creating libusb-1.0.pc
config.status:1116: creating Makefile
config.status:1116: creating libusb/Makefile
config.status:1116: creating examples/Makefile
config.status:1116: creating doc/Makefile
config.status:1116: creating doc/doxygen.cfg
config.status:1116: creating config.h
config.status:1297: config.h is unchanged
config.status:1345: executing depfiles commands
config.status:1345: executing libtool commands

## ---------------- ##
## Cache variables. ##
## ---------------- ##

ac_cv_build=i686-pc-linux-gnu
ac_cv_c_compiler_gnu=yes
ac_cv_c_inline=inline
ac_cv_env_CC_set=set
ac_cv_env_CC_value=mips-linux-uclibc-gcc
ac_cv_env_CFLAGS_set=
ac_cv_env_CFLAGS_value=
ac_cv_env_CPPFLAGS_set=
ac_cv_env_CPPFLAGS_value=
ac_cv_env_CPP_set=
ac_cv_env_CPP_value=
ac_cv_env_LDFLAGS_set=
ac_cv_env_LDFLAGS_value=
ac_cv_env_LIBS_set=
ac_cv_env_LIBS_value=
ac_cv_env_build_alias_set=set
ac_cv_env_build_alias_value=i686-linux
ac_cv_env_host_alias_set=set
ac_cv_env_host_alias_value=mips-linux
ac_cv_env_target_alias_set=
ac_cv_env_target_alias_value=
ac_cv_have_decl_TFD_NONBLOCK=no
ac_cv_header_dlfcn_h=yes
ac_cv_header_inttypes_h=yes
ac_cv_header_memory_h=yes
ac_cv_header_stdc=yes
ac_cv_header_stdint_h=yes
ac_cv_header_stdlib_h=yes
ac_cv_header_string_h=yes
ac_cv_header_strings_h=yes
ac_cv_header_sys_stat_h=yes
ac_cv_header_sys_timerfd_h=no
ac_cv_header_sys_types_h=yes
ac_cv_header_unistd_h=yes
ac_cv_host=mips-unknown-linux-gnu
ac_cv_lib_rt_clock_gettime=yes
ac_cv_objext=o
ac_cv_path_EGREP='/bin/grep -E'
ac_cv_path_FGREP='/bin/grep -F'
ac_cv_path_GREP=/bin/grep
ac_cv_path_SED=/bin/sed
ac_cv_path_install='/usr/bin/install -c'
ac_cv_path_mkdir=/bin/mkdir
ac_cv_prog_AR=mips-linux-uclibc-ar
ac_cv_prog_AWK=gawk
ac_cv_prog_CC=mips-linux-uclibc-gcc
ac_cv_prog_CPP='mips-linux-uclibc-gcc -E'
ac_cv_prog_OBJDUMP=mips-linux-objdump
ac_cv_prog_RANLIB=mips-linux-ranlib
ac_cv_prog_STRIP=mips-linux-uclibc-sstrip
ac_cv_prog_ac_ct_MANIFEST_TOOL=mt
ac_cv_prog_cc_c89=
ac_cv_prog_cc_g=yes
ac_cv_prog_cc_mips_linux_uclibc_gcc_c_o=yes
ac_cv_prog_make_make_set=yes
am_cv_CC_dependencies_compiler_type=gcc3
am_cv_make_support_nested_variables=yes
lt_cv_ar_at_file=@
lt_cv_archive_cmds_need_lc=no
lt_cv_deplibs_check_method=pass_all
lt_cv_file_magic_cmd='$MAGIC_CMD'
lt_cv_file_magic_test_file=
lt_cv_ld_reload_flag=-r
lt_cv_nm_interface='BSD nm'
lt_cv_objdir=.libs
lt_cv_path_LD=mips-linux-uclibc-ld
lt_cv_path_NM='/home/project/svn/TL-MR3020_V1_GPL/build/../build/gcc-4.3.3/build_mips/staging_dir/usr//bin/mips-linux-nm -B'
lt_cv_path_mainfest_tool=no
lt_cv_prog_compiler_c_o=yes
lt_cv_prog_compiler_pic='-fPIC -DPIC'
lt_cv_prog_compiler_pic_works=yes
lt_cv_prog_compiler_rtti_exceptions=no
lt_cv_prog_compiler_static_works=yes
lt_cv_prog_gnu_ld=yes
lt_cv_sharedlib_from_linklib_cmd='printf %s\n'
lt_cv_shlibpath_overrides_runpath=no
lt_cv_sys_global_symbol_pipe='sed -n -e '\''s/^.*[	 ]\([ABCDGIRSTW][ABCDGIRSTW]*\)[	 ][	 ]*\([_A-Za-z][_A-Za-z0-9]*\)$/\1 \2 \2/p'\'' | sed '\''/ __gnu_lto/d'\'''
lt_cv_sys_global_symbol_to_c_name_address='sed -n -e '\''s/^: \([^ ]*\)[ ]*$/  {\"\1\", (void *) 0},/p'\'' -e '\''s/^[ABCDGIRSTW]* \([^ ]*\) \([^ ]*\)$/  {"\2", (void *) \&\2},/p'\'''
lt_cv_sys_global_symbol_to_c_name_address_lib_prefix='sed -n -e '\''s/^: \([^ ]*\)[ ]*$/  {\"\1\", (void *) 0},/p'\'' -e '\''s/^[ABCDGIRSTW]* \([^ ]*\) \(lib[^ ]*\)$/  {"\2", (void *) \&\2},/p'\'' -e '\''s/^[ABCDGIRSTW]* \([^ ]*\) \([^ ]*\)$/  {"lib\2", (void *) \&\2},/p'\'''
lt_cv_sys_global_symbol_to_cdecl='sed -n -e '\''s/^T .* \(.*\)$/extern int \1();/p'\'' -e '\''s/^[ABCDGIRSTW]* .* \(.*\)$/extern char \1;/p'\'''
lt_cv_sys_max_cmd_len=805306365
lt_cv_to_host_file_cmd=func_convert_file_noop
lt_cv_to_tool_file_cmd=func_convert_file_noop

## ----------------- ##
## Output variables. ##
## ----------------- ##

ACLOCAL='${SHELL} /home/project/svn/TL-MR3020_V1_GPL/apps/3g_tools/libusb-1.0.8/missing --run aclocal-1.11'
AMDEPBACKSLASH='\'
AMDEP_FALSE='#'
AMDEP_TRUE=''
AMTAR='$${TAR-tar}'
AM_BACKSLASH='\'
AM_CFLAGS='-std=gnu99 -fgnu89-inline -Wall -Wundef -Wunused -Wstrict-prototypes -Werror-implicit-function-declaration -Wno-pointer-sign -Wshadow'
AM_DEFAULT_V='$(AM_DEFAULT_VERBOSITY)'
AM_DEFAULT_VERBOSITY='0'
AM_LDFLAGS=''
AM_V='$(V)'
AR='mips-linux-uclibc-ar'
AUTOCONF='${SHELL} /home/project/svn/TL-MR3020_V1_GPL/apps/3g_tools/libusb-1.0.8/missing --run autoconf'
AUTOHEADER='${SHELL} /home/project/svn/TL-MR3020_V1_GPL/apps/3g_tools/libusb-1.0.8/missing --run autoheader'
AUTOMAKE='${SHELL} /home/project/svn/TL-MR3020_V1_GPL/apps/3g_tools/libusb-1.0.8/missing --run automake-1.11'
AWK='gawk'
BUILD_EXAMPLES_FALSE=''
BUILD_EXAMPLES_TRUE='#'
CC='mips-linux-uclibc-gcc'
CCDEPMODE='depmode=gcc3'
CFLAGS='-g -O2'
CPP='mips-linux-uclibc-gcc -E'
CPPFLAGS=''
CYGPATH_W='echo'
DEFS='-DHAVE_CONFIG_H'
DEPDIR='.deps'
DLLTOOL='false'
DSYMUTIL=''
DUMPBIN=''
ECHO_C=''
ECHO_N='-n'
ECHO_T=''
EGREP='/bin/grep -E'
EXEEXT=''
FGREP='/bin/grep -F'
GREP='/bin/grep'
INSTALL_DATA='${INSTALL} -m 644'
INSTALL_PROGRAM='${INSTALL}'
INSTALL_SCRIPT='${INSTALL}'
INSTALL_STRIP_PROGRAM='$(install_sh) -c -s'
LD='mips-linux-uclibc-ld'
LDFLAGS=''
LIBOBJS=''
LIBS='-lrt '
LIBTOOL='$(SHELL) $(top_builddir)/libtool'
LIPO=''
LN_S='ln -s'
LTLIBOBJS=''
MAKEINFO='${SHELL} /home/project/svn/TL-MR3020_V1_GPL/apps/3g_tools/libusb-1.0.8/missing --run makeinfo'
MANIFEST_TOOL=':'
MKDIR_P='/bin/mkdir -p'
NM='/home/project/svn/TL-MR3020_V1_GPL/build/../build/gcc-4.3.3/build_mips/staging_dir/usr//bin/mips-linux-nm -B'
NMEDIT=''
OBJDUMP='mips-linux-objdump'
OBJEXT='o'
OS_DARWIN=''
OS_DARWIN_FALSE=''
OS_DARWIN_TRUE='#'
OS_LINUX=''
OS_LINUX_FALSE='#'
OS_LINUX_TRUE=''
OTOOL64=''
OTOOL=''
PACKAGE='libusb'
PACKAGE_BUGREPORT=''
PACKAGE_NAME='libusb'
PACKAGE_STRING='libusb 1.0.8'
PACKAGE_TARNAME='libusb'
PACKAGE_URL=''
PACKAGE_VERSION='1.0.8'
PATH_SEPARATOR=':'
RANLIB='mips-linux-ranlib'
SED='/bin/sed'
SET_MAKE=''
SHELL='/bin/sh'
STRIP='mips-linux-uclibc-sstrip'
VERSION='1.0.8'
VISIBILITY_CFLAGS='-fvisibility=hidden'
ac_ct_AR=''
ac_ct_CC=''
ac_ct_DUMPBIN=''
am__EXEEXT_FALSE=''
am__EXEEXT_TRUE='#'
am__fastdepCC_FALSE='#'
am__fastdepCC_TRUE=''
am__include='include'
am__isrc=''
am__leading_dot='.'
am__nodep='_no'
am__quote=''
am__tar='$${TAR-tar} chof - "$$tardir"'
am__untar='$${TAR-tar} xf -'
bindir='${exec_prefix}/bin'
build='i686-pc-linux-gnu'
build_alias='i686-linux'
build_cpu='i686'
build_os='linux-gnu'
build_vendor='pc'
datadir='${datarootdir}'
datarootdir='${prefix}/share'
docdir='${datarootdir}/doc/${PACKAGE_TARNAME}'
dvidir='${docdir}'
exec_prefix='${prefix}'
host='mips-unknown-linux-gnu'
host_alias='mips-linux'
host_cpu='mips'
host_os='linux-gnu'
host_vendor='unknown'
htmldir='${docdir}'
includedir='${prefix}/include'
infodir='${datarootdir}/info'
install_sh='${SHELL} /home/project/svn/TL-MR3020_V1_GPL/apps/3g_tools/libusb-1.0.8/install-sh'
libdir='${exec_prefix}/lib'
libexecdir='${exec_prefix}/libexec'
localedir='${datarootdir}/locale'
localstatedir='${prefix}/var'
lt_age='0'
lt_major='0'
lt_revision='0'
mandir='${datarootdir}/man'
mkdir_p='/bin/mkdir -p'
oldincludedir='/usr/include'
pdfdir='${docdir}'
prefix='/usr/local'
program_transform_name='s,x,x,'
psdir='${docdir}'
sbindir='${exec_prefix}/sbin'
sharedstatedir='${prefix}/com'
sysconfdir='${prefix}/etc'
target_alias=''

## ----------- ##
## confdefs.h. ##
## ----------- ##

/* confdefs.h */
#define PACKAGE_NAME "libusb"
#define PACKAGE_TARNAME "libusb"
#define PACKAGE_VERSION "1.0.8"
#define PACKAGE_STRING "libusb 1.0.8"
#define PACKAGE_BUGREPORT ""
#define PACKAGE_URL ""
#define PACKAGE "libusb"
#define VERSION "1.0.8"
#define STDC_HEADERS 1
#define HAVE_SYS_TYPES_H 1
#define HAVE_SYS_STAT_H 1
#define HAVE_STDLIB_H 1
#define HAVE_STRING_H 1
#define HAVE_MEMORY_H 1
#define HAVE_STRINGS_H 1
#define HAVE_INTTYPES_H 1
#define HAVE_STDINT_H 1
#define HAVE_UNISTD_H 1
#define HAVE_DLFCN_H 1
#define LT_OBJDIR ".libs/"
#define _GNU_SOURCE /**/
#define OS_LINUX /**/
#define HAVE_LIBRT 1
#define ENABLE_LOGGING 1
#define API_EXPORTED __attribute__((visibility("default")))

configure: exit 0

## ---------------------- ##
## Running config.status. ##
## ---------------------- ##

This file was extended by libusb config.status 1.0.8, which was
generated by GNU Autoconf 2.68.  Invocation command line was

  CONFIG_FILES    = 
  CONFIG_HEADERS  = 
  CONFIG_LINKS    = 
  CONFIG_COMMANDS = 
  $ ./config.status config.h

on zhouqiqiu

config.status:1116: creating config.h
config.status:1297: config.h is unchanged
